2017-10-27 16:33:52 INFO  loginpage:43 - entered username Successfully
2017-10-27 16:33:52 INFO  loginpage:46 - entered password Successfully
2017-10-27 16:34:02 INFO  loginpage:49 - Clicked Signin button
2017-10-27 16:34:02 INFO  loginpage:53 - User Successfully Logged In
2017-10-27 16:34:02 INFO  loginpage:58 - ============================================
2017-10-27 16:34:07 INFO  loginpage:66 - Clicked on Menu
2017-10-27 16:34:15 INFO  loginpage:71 - Clicked on logout button
2017-10-27 16:34:15 INFO  loginpage:75 - User Successfully Logged Out
2017-10-27 16:34:15 INFO  loginpage:80 - ============================================
2017-10-27 16:34:16 INFO  loginpage:83 - Browser closed
2017-10-27 16:34:16 INFO  loginpage:84 - ================TEST PASSED====================
2017-10-27 16:34:41 INFO  loginpage:43 - entered username Successfully
2017-10-27 16:34:41 INFO  loginpage:46 - entered password Successfully
2017-10-27 16:34:44 INFO  loginpage:49 - Clicked Signin button
2017-10-27 16:34:47 INFO  loginpage:53 - User Successfully Logged In
2017-10-27 16:34:47 INFO  loginpage:58 - ============================================
2017-10-27 16:34:51 INFO  loginpage:66 - Clicked on Menu
2017-10-27 16:34:57 INFO  loginpage:71 - Clicked on logout button
2017-10-27 16:35:00 INFO  loginpage:75 - User Successfully Logged Out
2017-10-27 16:35:00 INFO  loginpage:80 - ============================================
2017-10-27 16:35:01 INFO  loginpage:83 - Browser closed
2017-10-27 16:35:01 INFO  loginpage:84 - ================TEST PASSED====================
2017-10-27 16:38:59 INFO  loginpage:43 - entered username Successfully
2017-10-27 16:57:31 INFO  loginpage:43 - entered username Successfully
2017-10-27 16:57:32 INFO  loginpage:46 - entered password Successfully
2017-10-27 16:57:34 INFO  loginpage:49 - Clicked Signin button
2017-10-27 16:58:10 INFO  loginpage:43 - entered username Successfully
2017-10-27 16:58:10 INFO  loginpage:46 - entered password Successfully
2017-10-27 16:58:13 INFO  loginpage:49 - Clicked Signin button
2017-10-27 16:58:33 INFO  loginpage:43 - entered username Successfully
2017-10-27 16:58:34 INFO  loginpage:46 - entered password Successfully
2017-10-27 16:58:36 INFO  loginpage:49 - Clicked Signin button
2017-10-27 16:58:49 INFO  loginpage:43 - entered username Successfully
2017-10-27 16:58:49 INFO  loginpage:46 - entered password Successfully
2017-10-27 16:58:53 INFO  loginpage:49 - Clicked Signin button
2017-10-27 16:58:53 INFO  loginpage:53 - User Successfully Logged In
2017-10-27 16:58:53 INFO  loginpage:58 - ============================================
2017-10-27 16:58:58 INFO  loginpage:66 - Clicked on Menu
2017-10-27 16:59:07 INFO  loginpage:71 - Clicked on logout button
2017-10-27 16:59:07 INFO  loginpage:75 - User Successfully Logged Out
2017-10-27 16:59:07 INFO  loginpage:80 - ============================================
2017-10-27 16:59:08 INFO  loginpage:83 - Browser closed
2017-10-27 16:59:08 INFO  loginpage:84 - ================TEST PASSED====================
2017-10-27 16:59:24 INFO  loginpage:43 - entered username Successfully
2017-10-27 16:59:24 INFO  loginpage:46 - entered password Successfully
2017-10-27 16:59:25 INFO  loginpage:49 - Clicked Signin button
2017-10-27 16:59:27 INFO  loginpage:53 - User Successfully Logged In
2017-10-27 16:59:27 INFO  loginpage:58 - ============================================
2017-10-27 16:59:32 INFO  loginpage:66 - Clicked on Menu
2017-10-27 16:59:40 INFO  loginpage:71 - Clicked on logout button
2017-10-27 16:59:41 INFO  loginpage:75 - User Successfully Logged Out
2017-10-27 16:59:41 INFO  loginpage:80 - ============================================
2017-10-27 16:59:42 INFO  loginpage:83 - Browser closed
2017-10-27 16:59:42 INFO  loginpage:84 - ================TEST PASSED====================
2017-10-27 17:00:42 INFO  loginpage:43 - entered username Successfully
2017-10-27 17:00:42 INFO  loginpage:46 - entered password Successfully
2017-10-27 17:00:45 INFO  loginpage:49 - Clicked Signin button
2017-10-27 17:03:53 INFO  loginpage:43 - entered username Successfully
2017-10-27 17:03:54 INFO  loginpage:46 - entered password Successfully
2017-10-27 17:03:56 INFO  loginpage:49 - Clicked Signin button
2017-10-27 17:04:23 INFO  loginpage:43 - entered username Successfully
2017-10-27 17:04:23 INFO  loginpage:46 - entered password Successfully
2017-10-27 17:04:26 INFO  loginpage:49 - Clicked Signin button
2017-10-27 17:04:49 INFO  loginpage:43 - entered username Successfully
2017-10-27 17:04:49 INFO  loginpage:46 - entered password Successfully
2017-10-27 17:04:52 INFO  loginpage:49 - Clicked Signin button
2017-10-27 17:06:36 INFO  loginpage:43 - entered username Successfully
2017-10-27 17:06:37 INFO  loginpage:46 - entered password Successfully
2017-10-27 17:06:42 INFO  loginpage:49 - Clicked Signin button
2017-10-27 17:06:42 INFO  loginpage:53 - User Successfully Logged In
2017-10-27 17:06:42 INFO  loginpage:58 - ============================================
2017-10-27 17:06:48 INFO  loginpage:66 - Clicked on Menu
2017-10-27 17:06:57 INFO  loginpage:71 - Clicked on logout button
2017-10-27 17:06:58 INFO  loginpage:75 - User Successfully Logged Out
2017-10-27 17:06:58 INFO  loginpage:80 - ============================================
2017-10-27 17:06:59 INFO  loginpage:83 - Browser closed
2017-10-27 17:06:59 INFO  loginpage:84 - ================TEST PASSED====================
2017-10-27 17:07:50 INFO  loginpage:43 - entered username Successfully
2017-10-27 17:07:50 INFO  loginpage:46 - entered password Successfully
2017-10-27 17:07:55 INFO  loginpage:49 - Clicked Signin button
2017-10-27 17:07:55 INFO  loginpage:53 - User Successfully Logged In
2017-10-27 17:07:55 INFO  loginpage:58 - ============================================
2017-10-27 17:08:01 INFO  loginpage:66 - Clicked on Menu
2017-10-27 17:08:11 INFO  loginpage:71 - Clicked on logout button
2017-10-27 17:08:11 INFO  loginpage:75 - User Successfully Logged Out
2017-10-27 17:08:11 INFO  loginpage:80 - ============================================
2017-10-27 17:08:12 INFO  loginpage:83 - Browser closed
2017-10-27 17:08:12 INFO  loginpage:84 - ================TEST PASSED====================
2017-10-27 17:12:03 INFO  loginpage:43 - entered username Successfully
2017-10-27 17:12:04 INFO  loginpage:46 - entered password Successfully
2017-10-27 17:12:08 INFO  loginpage:49 - Clicked Signin button
2017-10-27 17:12:08 INFO  loginpage:53 - User Successfully Logged In
2017-10-27 17:12:08 INFO  loginpage:58 - ============================================
2017-10-27 17:12:14 INFO  loginpage:66 - Clicked on Menu
2017-10-27 17:12:24 INFO  loginpage:71 - Clicked on logout button
2017-10-27 17:12:24 INFO  loginpage:75 - User Successfully Logged Out
2017-10-27 17:12:24 INFO  loginpage:80 - ============================================
2017-10-27 17:12:25 INFO  loginpage:83 - Browser closed
2017-10-27 17:12:25 INFO  loginpage:84 - ================TEST PASSED====================
2017-10-27 17:12:40 INFO  loginpage:43 - entered username Successfully
2017-10-27 17:12:40 INFO  loginpage:46 - entered password Successfully
2017-10-27 17:12:44 INFO  loginpage:49 - Clicked Signin button
2017-10-27 17:12:44 INFO  loginpage:53 - User Successfully Logged In
2017-10-27 17:12:44 INFO  loginpage:58 - ============================================
2017-10-27 17:12:49 INFO  loginpage:66 - Clicked on Menu
2017-10-27 17:13:00 INFO  loginpage:71 - Clicked on logout button
2017-10-27 17:13:00 INFO  loginpage:75 - User Successfully Logged Out
2017-10-27 17:13:00 INFO  loginpage:80 - ============================================
2017-10-27 17:13:01 INFO  loginpage:83 - Browser closed
2017-10-27 17:13:01 INFO  loginpage:84 - ================TEST PASSED====================
2017-10-27 17:13:16 INFO  loginpage:43 - entered username Successfully
2017-10-27 17:13:16 INFO  loginpage:46 - entered password Successfully
2017-10-27 17:13:18 INFO  loginpage:49 - Clicked Signin button
2017-10-27 17:13:20 INFO  loginpage:53 - User Successfully Logged In
2017-10-27 17:13:20 INFO  loginpage:58 - ============================================
2017-10-27 17:13:25 INFO  loginpage:66 - Clicked on Menu
2017-10-27 17:13:33 INFO  loginpage:71 - Clicked on logout button
2017-10-27 17:14:03 INFO  loginpage:43 - entered username Successfully
2017-10-27 17:14:03 INFO  loginpage:46 - entered password Successfully
2017-10-27 17:14:07 INFO  loginpage:49 - Clicked Signin button
2017-10-27 17:14:08 INFO  loginpage:53 - User Successfully Logged In
2017-10-27 17:14:08 INFO  loginpage:58 - ============================================
2017-10-27 17:14:14 INFO  loginpage:66 - Clicked on Menu
2017-10-27 17:14:46 INFO  loginpage:43 - entered username Successfully
2017-10-27 17:14:47 INFO  loginpage:46 - entered password Successfully
2017-10-27 17:14:47 INFO  loginpage:49 - Clicked Signin button
2017-10-27 17:14:49 INFO  loginpage:53 - User Successfully Logged In
2017-10-27 17:14:49 INFO  loginpage:58 - ============================================
2017-10-27 17:14:54 INFO  loginpage:66 - Clicked on Menu
2017-10-27 17:15:02 INFO  loginpage:71 - Clicked on logout button
2017-10-27 17:15:03 INFO  loginpage:75 - User Successfully Logged Out
2017-10-27 17:15:03 INFO  loginpage:80 - ============================================
2017-10-27 17:15:04 INFO  loginpage:83 - Browser closed
2017-10-27 17:15:04 INFO  loginpage:84 - ================TEST PASSED====================
2017-10-27 17:15:19 INFO  loginpage:43 - entered username Successfully
2017-10-27 17:15:19 INFO  loginpage:46 - entered password Successfully
2017-10-27 17:15:23 INFO  loginpage:49 - Clicked Signin button
2017-10-27 17:15:24 INFO  loginpage:53 - User Successfully Logged In
2017-10-27 17:15:24 INFO  loginpage:58 - ============================================
2017-10-27 17:15:30 INFO  loginpage:66 - Clicked on Menu
2017-10-27 17:15:40 INFO  loginpage:71 - Clicked on logout button
2017-10-27 17:15:40 INFO  loginpage:75 - User Successfully Logged Out
2017-10-27 17:15:40 INFO  loginpage:80 - ============================================
2017-10-27 17:15:41 INFO  loginpage:83 - Browser closed
2017-10-27 17:15:41 INFO  loginpage:84 - ================TEST PASSED====================
2017-10-27 17:15:55 INFO  loginpage:43 - entered username Successfully
2017-10-27 17:15:55 INFO  loginpage:46 - entered password Successfully
2017-10-27 17:15:59 INFO  loginpage:49 - Clicked Signin button
2017-10-27 17:15:59 INFO  loginpage:53 - User Successfully Logged In
2017-10-27 17:15:59 INFO  loginpage:58 - ============================================
2017-10-27 17:16:04 INFO  loginpage:66 - Clicked on Menu
2017-10-27 17:16:13 INFO  loginpage:71 - Clicked on logout button
2017-10-27 17:16:13 INFO  loginpage:75 - User Successfully Logged Out
2017-10-27 17:16:13 INFO  loginpage:80 - ============================================
2017-10-27 17:16:14 INFO  loginpage:83 - Browser closed
2017-10-27 17:16:14 INFO  loginpage:84 - ================TEST PASSED====================
2017-10-27 17:16:29 INFO  loginpage:43 - entered username Successfully
2017-10-27 17:16:29 INFO  loginpage:46 - entered password Successfully
2017-10-27 17:16:31 INFO  loginpage:49 - Clicked Signin button
2017-10-27 17:16:33 INFO  loginpage:53 - User Successfully Logged In
2017-10-27 17:16:33 INFO  loginpage:58 - ============================================
2017-10-27 17:16:38 INFO  loginpage:66 - Clicked on Menu
2017-10-27 17:16:46 INFO  loginpage:71 - Clicked on logout button
2017-10-27 17:16:47 INFO  loginpage:75 - User Successfully Logged Out
2017-10-27 17:16:47 INFO  loginpage:80 - ============================================
2017-10-27 17:16:48 INFO  loginpage:83 - Browser closed
2017-10-27 17:16:48 INFO  loginpage:84 - ================TEST PASSED====================
2017-10-30 11:01:04 INFO  loginpage:43 - entered username Successfully
2017-10-30 11:01:04 INFO  loginpage:46 - entered password Successfully
2017-10-30 11:01:07 INFO  loginpage:49 - Clicked Signin button
2017-10-30 11:01:07 INFO  loginpage:53 - User Successfully Logged In
2017-10-30 11:01:07 INFO  loginpage:58 - ============================================
2017-10-30 11:01:13 INFO  loginpage:66 - Clicked on Menu
2017-10-30 11:01:23 INFO  loginpage:71 - Clicked on logout button
2017-10-30 11:01:23 INFO  loginpage:75 - User Successfully Logged Out
2017-10-30 11:01:23 INFO  loginpage:80 - ============================================
2017-10-30 11:01:24 INFO  loginpage:83 - Browser closed
2017-10-30 11:01:24 INFO  loginpage:84 - ================TEST PASSED====================
2017-10-30 11:01:40 INFO  loginpage:43 - entered username Successfully
2017-10-30 11:01:40 INFO  loginpage:46 - entered password Successfully
2017-10-30 11:01:44 INFO  loginpage:49 - Clicked Signin button
2017-10-30 11:01:44 INFO  loginpage:53 - User Successfully Logged In
2017-10-30 11:01:44 INFO  loginpage:58 - ============================================
2017-10-30 11:01:49 INFO  loginpage:66 - Clicked on Menu
2017-10-30 11:01:58 INFO  loginpage:71 - Clicked on logout button
2017-10-30 11:01:59 INFO  loginpage:75 - User Successfully Logged Out
2017-10-30 11:01:59 INFO  loginpage:80 - ============================================
2017-10-30 11:01:59 INFO  loginpage:83 - Browser closed
2017-10-30 11:01:59 INFO  loginpage:84 - ================TEST PASSED====================
2017-10-30 11:02:18 INFO  loginpage:43 - entered username Successfully
2017-10-30 11:02:18 INFO  loginpage:46 - entered password Successfully
2017-10-30 11:02:20 INFO  loginpage:49 - Clicked Signin button
2017-10-30 11:02:23 INFO  loginpage:53 - User Successfully Logged In
2017-10-30 11:02:23 INFO  loginpage:58 - ============================================
2017-10-30 11:02:29 INFO  loginpage:66 - Clicked on Menu
2017-10-30 11:02:36 INFO  loginpage:71 - Clicked on logout button
2017-10-30 11:02:38 INFO  loginpage:75 - User Successfully Logged Out
2017-10-30 11:02:38 INFO  loginpage:80 - ============================================
2017-10-30 11:02:38 INFO  loginpage:83 - Browser closed
2017-10-30 11:02:38 INFO  loginpage:84 - ================TEST PASSED====================
2017-10-30 15:39:13 INFO  loginpage:43 - entered username Successfully
2017-10-30 15:39:14 INFO  loginpage:46 - entered password Successfully
2017-10-30 15:39:15 INFO  loginpage:49 - Clicked Signin button
2017-10-30 15:39:18 INFO  loginpage:53 - User Successfully Logged In
2017-10-30 15:39:18 INFO  loginpage:58 - ============================================
2017-10-30 15:39:23 INFO  loginpage:66 - Clicked on Menu
2017-10-30 15:39:30 INFO  loginpage:71 - Clicked on logout button
2017-10-30 15:39:32 INFO  loginpage:75 - User Successfully Logged Out
2017-10-30 15:39:32 INFO  loginpage:80 - ============================================
2017-10-30 15:39:33 INFO  loginpage:83 - Browser closed
2017-10-30 15:39:33 INFO  loginpage:84 - ================TEST PASSED====================
2017-10-30 15:46:54 INFO  loginpage:43 - entered username Successfully
2017-10-30 15:46:55 INFO  loginpage:46 - entered password Successfully
2017-10-30 15:46:56 INFO  loginpage:49 - Clicked Signin button
2017-10-30 15:46:58 INFO  loginpage:53 - User Successfully Logged In
2017-10-30 15:46:58 INFO  loginpage:58 - ============================================
2017-10-30 15:47:03 INFO  loginpage:66 - Clicked on Menu
2017-10-30 15:47:10 INFO  loginpage:71 - Clicked on logout button
2017-10-30 15:47:11 INFO  loginpage:75 - User Successfully Logged Out
2017-10-30 15:47:11 INFO  loginpage:80 - ============================================
2017-10-30 15:47:12 INFO  loginpage:83 - Browser closed
2017-10-30 15:47:12 INFO  loginpage:84 - ================TEST PASSED====================
2017-10-30 15:54:03 INFO  loginpage:43 - entered username Successfully
2017-10-30 15:54:04 INFO  loginpage:46 - entered password Successfully
2017-10-30 15:54:04 INFO  loginpage:49 - Clicked Signin button
2017-10-30 15:56:00 INFO  loginpage:43 - entered username Successfully
2017-10-30 15:56:01 INFO  loginpage:46 - entered password Successfully
2017-10-30 15:56:02 INFO  loginpage:49 - Clicked Signin button
2017-10-30 15:56:04 INFO  loginpage:53 - User Successfully Logged In
2017-10-30 15:56:04 INFO  loginpage:58 - ============================================
2017-10-30 15:56:09 INFO  loginpage:66 - Clicked on Menu
2017-10-30 15:56:16 INFO  loginpage:71 - Clicked on logout button
2017-10-30 15:56:18 INFO  loginpage:75 - User Successfully Logged Out
2017-10-30 15:56:18 INFO  loginpage:80 - ============================================
2017-10-30 15:56:18 INFO  loginpage:83 - Browser closed
2017-10-30 15:56:18 INFO  loginpage:84 - ================TEST PASSED====================
2017-10-30 15:57:05 INFO  loginpage:43 - entered username Successfully
2017-10-30 15:57:05 INFO  loginpage:46 - entered password Successfully
2017-10-30 15:57:06 INFO  loginpage:49 - Clicked Signin button
2017-10-30 15:57:08 INFO  loginpage:53 - User Successfully Logged In
2017-10-30 15:57:08 INFO  loginpage:58 - ============================================
2017-10-30 15:57:13 INFO  loginpage:66 - Clicked on Menu
2017-10-30 15:57:20 INFO  loginpage:71 - Clicked on logout button
2017-10-30 15:57:22 INFO  loginpage:75 - User Successfully Logged Out
2017-10-30 15:57:22 INFO  loginpage:80 - ============================================
2017-10-30 15:57:23 INFO  loginpage:83 - Browser closed
2017-10-30 15:57:23 INFO  loginpage:84 - ================TEST PASSED====================
2017-10-31 09:58:35 INFO  loginpage:43 - entered username Successfully
2017-10-31 09:58:35 INFO  loginpage:46 - entered password Successfully
2017-10-31 09:58:36 INFO  loginpage:49 - Clicked Signin button
2017-10-31 09:58:37 INFO  loginpage:53 - User Successfully Logged In
2017-10-31 09:58:37 INFO  loginpage:58 - ============================================
2017-10-31 09:58:42 INFO  loginpage:66 - Clicked on Menu
2017-10-31 09:58:50 INFO  loginpage:71 - Clicked on logout button
2017-10-31 09:58:51 INFO  loginpage:75 - User Successfully Logged Out
2017-10-31 09:58:51 INFO  loginpage:80 - ============================================
2017-10-31 09:58:52 INFO  loginpage:83 - Browser closed
2017-10-31 09:58:52 INFO  loginpage:84 - ================TEST PASSED====================
2017-10-31 10:55:26 INFO  loginpage:40 - entered username Successfully
2017-10-31 10:55:27 INFO  loginpage:43 - entered password Successfully
2017-10-31 10:55:28 INFO  loginpage:46 - Clicked Signin button
2017-10-31 10:55:29 INFO  loginpage:50 - User Successfully Logged In
2017-10-31 10:55:29 INFO  loginpage:55 - ============================================
2017-10-31 10:55:34 INFO  loginpage:63 - Clicked on Menu
2017-10-31 10:55:42 INFO  loginpage:68 - Clicked on logout button
2017-10-31 10:55:43 INFO  loginpage:72 - User Successfully Logged Out
2017-10-31 10:55:43 INFO  loginpage:77 - ============================================
2017-10-31 10:55:44 INFO  loginpage:80 - Browser closed
2017-10-31 10:55:44 INFO  loginpage:81 - ================TEST PASSED====================
2017-10-31 10:57:19 INFO  loginpage:40 - entered username Successfully
2017-10-31 10:57:20 INFO  loginpage:43 - entered password Successfully
2017-10-31 10:57:24 INFO  loginpage:46 - Clicked Signin button
2017-10-31 10:57:24 INFO  loginpage:50 - User Successfully Logged In
2017-10-31 10:57:24 INFO  loginpage:55 - ============================================
2017-10-31 10:57:29 INFO  loginpage:63 - Clicked on Menu
2017-10-31 10:57:38 INFO  loginpage:68 - Clicked on logout button
2017-10-31 10:57:38 INFO  loginpage:72 - User Successfully Logged Out
2017-10-31 10:57:38 INFO  loginpage:77 - ============================================
2017-10-31 10:57:38 INFO  loginpage:80 - Browser closed
2017-10-31 10:57:38 INFO  loginpage:81 - ================TEST PASSED====================
2017-10-31 10:59:11 INFO  loginpage:40 - entered username Successfully
2017-10-31 10:59:41 INFO  loginpage:43 - entered password Successfully
2017-11-01 15:47:12 INFO  loginpage:40 - entered username Successfully
2017-11-01 15:47:12 INFO  loginpage:43 - entered password Successfully
2017-11-01 15:47:17 INFO  loginpage:46 - Clicked Signin button
2017-11-01 15:47:17 INFO  loginpage:50 - User Successfully Logged In
2017-11-01 15:47:17 INFO  loginpage:55 - ============================================
2017-11-01 15:47:22 INFO  loginpage:63 - Clicked on Menu
2017-11-01 15:47:31 INFO  loginpage:68 - Clicked on logout button
2017-11-01 15:47:31 INFO  loginpage:72 - User Successfully Logged Out
2017-11-01 15:47:31 INFO  loginpage:77 - ============================================
2017-11-01 15:47:32 INFO  loginpage:80 - Browser closed
2017-11-01 15:47:32 INFO  loginpage:81 - ================TEST PASSED====================
2017-11-01 15:47:54 INFO  loginpage:40 - entered username Successfully
2017-11-01 15:47:54 INFO  loginpage:43 - entered password Successfully
2017-11-01 15:47:56 INFO  loginpage:46 - Clicked Signin button
2017-11-03 14:38:05 INFO  Log:15 - client@_selenium.test.com has been entered
2017-11-03 14:38:06 INFO  Log:15 - P@sswordD has been entered
2017-11-03 14:38:17 INFO  Log:15 - event has been clicked
2017-11-03 14:38:18 INFO  loginpage:59 - User Successfully Logged In
2017-11-03 14:38:18 INFO  loginpage:64 - ============================================
2017-11-03 14:38:23 INFO  loginpage:72 - Clicked on Menu
2017-11-03 14:38:32 INFO  loginpage:77 - Clicked on logout button
2017-11-03 14:38:32 INFO  loginpage:81 - User Successfully Logged Out
2017-11-03 14:38:32 INFO  loginpage:86 - ============================================
2017-11-03 14:38:33 INFO  loginpage:89 - Browser closed
2017-11-03 14:38:33 INFO  loginpage:90 - ================TEST PASSED====================
2017-11-03 14:45:31 INFO  Log:15 - client@_selenium.test.com has been entered
2017-11-03 14:45:32 INFO  Log:15 - P@sswordD has been entered
2017-11-03 14:45:36 INFO  Log:15 - event has been clicked
2017-11-03 14:45:36 INFO  loginpage:59 - User Successfully Logged In
2017-11-03 14:45:36 INFO  loginpage:64 - ============================================
2017-11-03 14:45:41 INFO  Log:15 - event has been clicked
2017-11-03 14:45:47 INFO  Log:15 - test has been entered
2017-11-03 14:46:02 INFO  Printjob:482 - quote required checkbox clicked
2017-11-03 14:46:15 INFO  Log:15 - event has been clicked
2017-11-03 14:46:15 INFO  Log:15 - Frame identified
2017-11-03 14:46:16 INFO  Log:15 - event has been clicked
2017-11-03 14:46:24 INFO  Log:15 -  "D:\simpleProject\FXX\UploadFiles\Doc1.docx" "D:\simpleProject\FXX\UploadFiles\textdoc1.txt" File/Files uploaded successfully!
2017-11-03 14:48:26 INFO  Log:15 - client@_selenium.test.com has been entered
2017-11-03 14:48:26 INFO  Log:15 - P@sswordD has been entered
2017-11-03 14:48:31 INFO  Log:15 - event has been clicked
2017-11-03 14:48:31 INFO  loginpage:59 - User Successfully Logged In
2017-11-03 14:48:31 INFO  loginpage:64 - ============================================
2017-11-03 14:48:37 INFO  Log:15 - event has been clicked
2017-11-03 14:48:42 INFO  Log:15 - test has been entered
2017-11-03 14:48:58 INFO  Printjob:482 - quote required checkbox clicked
2017-11-03 14:49:07 INFO  Log:15 - event has been clicked
2017-11-03 14:49:07 INFO  Log:15 - Frame identified
2017-11-03 14:49:08 INFO  Log:15 - event has been clicked
2017-11-03 14:56:49 INFO  Log:15 - client@_selenium.test.com has been entered
2017-11-03 14:56:50 INFO  Log:15 - P@sswordD has been entered
2017-11-03 14:56:54 INFO  Log:15 - event has been clicked
2017-11-03 14:56:54 INFO  loginpage:59 - User Successfully Logged In
2017-11-03 14:56:54 INFO  loginpage:64 - ============================================
2017-11-03 14:57:00 INFO  Log:15 - event has been clicked
2017-11-03 14:57:06 INFO  Log:15 - test has been entered
2017-11-03 14:57:24 INFO  Printjob:482 - quote required checkbox clicked
2017-11-03 14:57:33 INFO  Log:15 - event has been clicked
2017-11-03 14:57:33 INFO  Log:15 - Frame identified
2017-11-03 14:57:33 INFO  Log:15 - event has been clicked
2017-11-03 14:57:50 INFO  Log:15 - File path is not correct
2017-11-06 14:50:40 INFO  Log:15 - client@_selenium.test.com has been entered
2017-11-06 14:50:41 INFO  Log:15 - P@sswordD has been entered
2017-11-06 14:50:44 INFO  Log:15 - event has been clicked
2017-11-06 14:50:44 INFO  loginpage:59 - User Successfully Logged In
2017-11-06 14:50:44 INFO  loginpage:64 - ============================================
2017-11-06 14:50:49 INFO  loginpage:72 - Clicked on Menu
2017-11-06 14:54:21 INFO  Log:15 - client@_selenium.test.com has been entered
2017-11-06 14:54:22 INFO  Log:15 - P@sswordD has been entered
2017-11-06 14:54:25 INFO  Log:15 - event has been clicked
2017-11-06 14:54:25 INFO  loginpage:59 - User Successfully Logged In
2017-11-06 14:54:25 INFO  loginpage:64 - ============================================
2017-11-06 14:54:30 INFO  loginpage:72 - Clicked on Menu
2017-11-06 14:54:40 INFO  loginpage:77 - Clicked on logout button
2017-11-06 14:54:40 INFO  loginpage:81 - User Successfully Logged Out
2017-11-06 14:54:40 INFO  loginpage:86 - ============================================
2017-11-06 14:54:41 INFO  loginpage:89 - Browser closed
2017-11-06 14:54:41 INFO  loginpage:90 - ================TEST PASSED====================
2017-11-06 14:59:17 INFO  Log:15 - client@_selenium.test.com has been entered
2017-11-06 14:59:18 INFO  Log:15 - P@sswordD has been entered
2017-11-06 14:59:23 INFO  Log:15 - event has been clicked
2017-11-06 14:59:23 INFO  loginpage:59 - User Successfully Logged In
2017-11-06 14:59:23 INFO  loginpage:64 - ============================================
2017-11-06 14:59:28 INFO  loginpage:72 - Clicked on Menu
2017-11-06 14:59:39 INFO  loginpage:77 - Clicked on logout button
2017-11-06 14:59:39 INFO  loginpage:81 - User Successfully Logged Out
2017-11-06 14:59:39 INFO  loginpage:86 - ============================================
2017-11-06 14:59:40 INFO  loginpage:89 - Browser closed
2017-11-06 14:59:40 INFO  loginpage:90 - ================TEST PASSED====================
2017-11-06 15:30:27 INFO  Log:15 - client@_selenium.test.com has been entered
2017-11-06 15:30:28 INFO  Log:15 - P@sswordD has been entered
2017-11-06 15:30:32 INFO  Log:15 - event has been clicked
2017-11-06 15:30:32 INFO  loginpage:59 - User Successfully Logged In
2017-11-06 15:30:32 INFO  loginpage:64 - ============================================
2017-11-06 15:30:37 INFO  loginpage:72 - Clicked on Menu
2017-11-06 15:30:47 INFO  loginpage:77 - Clicked on logout button
2017-11-06 15:30:47 INFO  loginpage:81 - User Successfully Logged Out
2017-11-06 15:30:47 INFO  loginpage:86 - ============================================
2017-11-06 15:30:47 INFO  loginpage:89 - Browser closed
2017-11-06 15:30:47 INFO  loginpage:90 - ================TEST PASSED====================
2017-11-06 15:40:42 INFO  Log:15 - client@_selenium.test.com has been entered
2017-11-06 15:40:43 INFO  Log:15 - P@sswordD has been entered
2017-11-06 15:40:47 INFO  Log:15 - event has been clicked
2017-11-06 15:40:47 INFO  loginpage:59 - User Successfully Logged In
2017-11-06 15:40:47 INFO  loginpage:64 - ============================================
2017-11-06 15:40:52 INFO  loginpage:72 - Clicked on Menu
2017-11-06 15:41:01 INFO  loginpage:77 - Clicked on logout button
2017-11-06 15:41:01 INFO  loginpage:81 - User Successfully Logged Out
2017-11-06 15:41:01 INFO  loginpage:86 - ============================================
2017-11-06 15:41:02 INFO  loginpage:89 - Browser closed
2017-11-06 15:41:02 INFO  loginpage:90 - ================TEST PASSED====================
2017-11-06 16:36:52 INFO  Log:15 - client@_selenium.test.com has been entered
2017-11-06 16:36:52 INFO  Log:15 - P@sswordD has been entered
2017-11-06 16:37:01 INFO  Log:15 - event has been clicked
2017-11-06 16:37:01 INFO  loginpage:59 - User Successfully Logged In
2017-11-06 16:37:01 INFO  loginpage:64 - ============================================
2017-11-06 16:37:06 INFO  loginpage:72 - Clicked on Menu
2017-11-06 16:37:16 INFO  loginpage:77 - Clicked on logout button
2017-11-06 16:37:16 INFO  loginpage:81 - User Successfully Logged Out
2017-11-06 16:37:16 INFO  loginpage:86 - ============================================
2017-11-06 16:37:17 INFO  loginpage:89 - Browser closed
2017-11-06 16:37:17 INFO  loginpage:90 - ================TEST PASSED====================
2017-11-06 16:46:52 INFO  Log:15 - client@_selenium.test.com has been entered
2017-11-06 16:46:53 INFO  Log:15 - P@sswordD has been entered
2017-11-06 16:46:57 INFO  Log:15 - event has been clicked
2017-11-06 16:46:57 INFO  loginpage:59 - User Successfully Logged In
2017-11-06 16:46:57 INFO  loginpage:64 - ============================================
2017-11-06 16:47:02 INFO  loginpage:72 - Clicked on Menu
2017-11-06 16:47:11 INFO  loginpage:77 - Clicked on logout button
2017-11-06 16:47:12 INFO  loginpage:81 - User Successfully Logged Out
2017-11-06 16:47:12 INFO  loginpage:86 - ============================================
2017-11-06 16:47:12 INFO  loginpage:89 - Browser closed
2017-11-06 16:47:12 INFO  loginpage:90 - ================TEST PASSED====================
2017-11-06 16:54:29 INFO  Log:15 - client@_selenium.test.com has been entered
2017-11-06 16:54:29 INFO  Log:15 - P@sswordD has been entered
2017-11-06 16:54:33 INFO  Log:15 - event has been clicked
2017-11-06 16:54:33 INFO  loginpage:59 - User Successfully Logged In
2017-11-06 16:54:33 INFO  loginpage:64 - ============================================
2017-11-06 16:54:39 INFO  loginpage:72 - Clicked on Menu
2017-11-06 16:54:45 INFO  Log:15 - Report is getting generated, Please wait!
2017-11-06 16:54:45 INFO  Log:15 - Report has been generated!
2017-11-06 17:00:37 INFO  Log:15 - client@_selenium.test.com has been entered
2017-11-06 17:00:38 INFO  Log:15 - P@sswordD has been entered
2017-11-06 17:00:42 INFO  Log:15 - event has been clicked
2017-11-06 17:00:42 INFO  loginpage:59 - User Successfully Logged In
2017-11-06 17:00:42 INFO  loginpage:64 - ============================================
2017-11-06 17:00:47 INFO  loginpage:72 - Clicked on Menu
2017-11-06 17:00:53 INFO  Log:15 - Report is getting generated, Please wait!
2017-11-06 17:00:53 INFO  Log:15 - Report has been generated!
2017-11-06 17:17:35 INFO  Log:15 - client@_selenium.test.com has been entered
2017-11-06 17:17:35 INFO  Log:15 - P@sswordD has been entered
2017-11-06 17:17:36 INFO  Log:15 - event has been clicked
2017-11-06 17:17:40 INFO  loginpage:59 - User Successfully Logged In
2017-11-06 17:17:40 INFO  loginpage:64 - ============================================
2017-11-06 17:17:45 INFO  loginpage:72 - Clicked on Menu
2017-11-06 17:17:55 INFO  loginpage:77 - Clicked on logout button
2017-11-06 17:17:55 INFO  loginpage:81 - User Successfully Logged Out
2017-11-06 17:17:55 INFO  loginpage:86 - ============================================
2017-11-06 17:17:56 INFO  loginpage:89 - Browser closed
2017-11-06 17:17:56 INFO  loginpage:90 - ================TEST PASSED====================
2017-11-06 17:18:06 INFO  Log:15 - Report is getting generated, Please wait!
2017-11-06 17:18:06 INFO  Log:15 - Report has been generated!
2017-11-07 10:58:35 INFO  Log:15 - client@_selenium.test.com has been entered
2017-11-07 10:58:36 INFO  Log:15 - P@sswordD has been entered
2017-11-07 10:58:36 INFO  Log:15 - event has been clicked
2017-11-07 10:58:39 INFO  loginpage:59 - User Successfully Logged In
2017-11-07 10:58:39 INFO  loginpage:64 - ============================================
2017-11-07 10:58:45 INFO  loginpage:72 - Clicked on Menu
2017-11-07 10:58:53 INFO  loginpage:77 - Clicked on logout button
2017-11-07 10:58:53 INFO  loginpage:81 - User Successfully Logged Out
2017-11-07 10:58:53 INFO  loginpage:86 - ============================================
2017-11-07 10:58:53 INFO  loginpage:89 - Browser closed
2017-11-07 10:58:53 INFO  loginpage:90 - ================TEST PASSED====================
2017-11-07 10:59:03 INFO  Log:15 - Report is getting generated, Please wait!
2017-11-07 10:59:03 INFO  Log:15 - Report has been generated!
2017-11-07 11:01:08 INFO  Log:15 - client@_selenium.test.com has been entered
2017-11-07 11:01:09 INFO  Log:15 - P@sswordD has been entered
2017-11-07 11:01:09 INFO  Log:15 - event has been clicked
2017-11-07 11:01:13 INFO  loginpage:59 - User Successfully Logged In
2017-11-07 11:01:13 INFO  loginpage:64 - ============================================
2017-11-07 11:01:19 INFO  loginpage:72 - Clicked on Menu
2017-11-07 11:01:29 INFO  loginpage:77 - Clicked on logout button
2017-11-07 11:01:29 INFO  loginpage:81 - User Successfully Logged Out
2017-11-07 11:01:29 INFO  loginpage:86 - ============================================
2017-11-07 11:01:29 INFO  loginpage:89 - Browser closed
2017-11-07 11:01:29 INFO  loginpage:90 - ================TEST PASSED====================
2017-11-07 11:01:39 INFO  Log:15 - Report is getting generated, Please wait!
2017-11-07 11:01:39 INFO  Log:15 - Report has been generated!
2017-11-07 11:13:08 INFO  Log:15 - client@_selenium.test.com has been entered
2017-11-07 11:13:09 INFO  Log:15 - P@sswordD has been entered
2017-11-07 11:13:09 INFO  Log:15 - event has been clicked
2017-11-07 11:13:13 INFO  loginpage:59 - User Successfully Logged In
2017-11-07 11:13:13 INFO  loginpage:64 - ============================================
2017-11-07 11:13:19 INFO  loginpage:72 - Clicked on Menu
2017-11-07 11:13:29 INFO  loginpage:77 - Clicked on logout button
2017-11-07 11:13:29 INFO  loginpage:81 - User Successfully Logged Out
2017-11-07 11:13:29 INFO  loginpage:86 - ============================================
2017-11-07 11:13:29 INFO  loginpage:89 - Browser closed
2017-11-07 11:13:29 INFO  loginpage:90 - ================TEST PASSED====================
2017-11-07 11:13:39 INFO  Log:15 - Report is getting generated, Please wait!
2017-11-07 11:13:39 INFO  Log:15 - Report has been generated!
2017-11-07 11:15:16 INFO  Log:15 - client@_selenium.test.com has been entered
2017-11-07 11:15:16 INFO  Log:15 - P@sswordD has been entered
2017-11-07 11:15:17 INFO  Log:15 - event has been clicked
2017-11-07 11:15:21 INFO  loginpage:59 - User Successfully Logged In
2017-11-07 11:15:21 INFO  loginpage:64 - ============================================
2017-11-07 11:15:27 INFO  loginpage:72 - Clicked on Menu
2017-11-07 11:15:36 INFO  loginpage:77 - Clicked on logout button
2017-11-07 11:15:36 INFO  loginpage:81 - User Successfully Logged Out
2017-11-07 11:15:36 INFO  loginpage:86 - ============================================
2017-11-07 11:15:37 INFO  loginpage:89 - Browser closed
2017-11-07 11:15:37 INFO  loginpage:90 - ================TEST PASSED====================
2017-11-07 11:15:47 INFO  Log:15 - Report is getting generated, Please wait!
2017-11-07 11:15:47 INFO  Log:15 - Report has been generated!
2017-11-07 11:21:45 INFO  Log:15 - client@_selenium.test.com has been entered
2017-11-07 11:21:46 INFO  Log:15 - P@sswordD has been entered
2017-11-07 11:21:46 INFO  Log:15 - event has been clicked
2017-11-07 11:21:50 INFO  loginpage:59 - User Successfully Logged In
2017-11-07 11:21:50 INFO  loginpage:64 - ============================================
2017-11-07 11:21:55 INFO  loginpage:72 - Clicked on Menu
2017-11-07 11:22:05 INFO  loginpage:77 - Clicked on logout button
2017-11-07 11:22:05 INFO  loginpage:81 - User Successfully Logged Out
2017-11-07 11:22:05 INFO  loginpage:86 - ============================================
2017-11-07 11:22:05 INFO  loginpage:89 - Browser closed
2017-11-07 11:22:05 INFO  loginpage:90 - ================TEST PASSED====================
2017-11-07 11:22:15 INFO  Log:15 - Report is getting generated, Please wait!
2017-11-07 11:22:15 INFO  Log:15 - Report has been generated!
2017-11-07 12:38:29 INFO  Log:15 - client@_selenium.test.com has been entered
2017-11-07 12:38:30 INFO  Log:15 - P@sswordD has been entered
2017-11-07 12:38:31 INFO  Log:15 - event has been clicked
2017-11-07 12:38:35 INFO  loginpage:59 - User Successfully Logged In
2017-11-07 12:38:35 INFO  loginpage:64 - ============================================
2017-11-07 12:38:40 INFO  loginpage:72 - Clicked on Menu
2017-11-07 12:38:50 INFO  loginpage:77 - Clicked on logout button
2017-11-07 12:38:50 INFO  loginpage:81 - User Successfully Logged Out
2017-11-07 12:38:50 INFO  loginpage:86 - ============================================
2017-11-07 12:38:50 INFO  loginpage:89 - Browser closed
2017-11-07 12:38:50 INFO  loginpage:90 - ================TEST PASSED====================
2017-11-07 12:39:00 INFO  Log:15 - Report is getting generated, Please wait!
2017-11-07 12:39:00 INFO  Log:15 - Report has been generated!
2017-11-07 12:40:10 INFO  Log:15 - client@_selenium.test.com has been entered
2017-11-07 12:40:11 INFO  Log:15 - P@sswordD has been entered
2017-11-07 12:40:11 INFO  Log:15 - event has been clicked
2017-11-07 12:40:15 INFO  loginpage:59 - User Successfully Logged In
2017-11-07 12:40:15 INFO  loginpage:64 - ============================================
2017-11-07 12:40:20 INFO  loginpage:72 - Clicked on Menu
2017-11-07 12:40:29 INFO  loginpage:77 - Clicked on logout button
2017-11-07 12:40:30 INFO  loginpage:81 - User Successfully Logged Out
2017-11-07 12:40:30 INFO  loginpage:86 - ============================================
2017-11-07 12:40:30 INFO  loginpage:89 - Browser closed
2017-11-07 12:40:30 INFO  loginpage:90 - ================TEST PASSED====================
2017-11-07 12:40:40 INFO  Log:15 - Report is getting generated, Please wait!
2017-11-07 12:40:40 INFO  Log:15 - Report has been generated!
2017-11-07 14:40:05 INFO  Log:15 - client@_selenium.test.com has been entered
2017-11-07 14:40:06 INFO  Log:15 - P@sswordD has been entered
2017-11-07 14:40:06 INFO  Log:15 - event has been clicked
2017-11-07 14:40:10 INFO  loginpage:59 - User Successfully Logged In
2017-11-07 14:40:10 INFO  loginpage:64 - ============================================
2017-11-07 14:40:16 INFO  loginpage:72 - Clicked on Menu
2017-11-07 14:40:25 INFO  loginpage:77 - Clicked on logout button
2017-11-07 14:40:25 INFO  loginpage:81 - User Successfully Logged Out
2017-11-07 14:40:25 INFO  loginpage:86 - ============================================
2017-11-07 14:40:25 INFO  loginpage:89 - Browser closed
2017-11-07 14:40:25 INFO  loginpage:90 - ================TEST PASSED====================
2017-11-07 14:40:35 INFO  Log:15 - Report is getting generated, Please wait!
2017-11-07 14:40:35 INFO  Log:15 - Report has been generated!
2017-11-07 14:43:07 INFO  Log:15 - client@_selenium.test.com has been entered
2017-11-07 14:43:08 INFO  Log:15 - P@sswordD has been entered
2017-11-07 14:43:08 INFO  Log:15 - event has been clicked
2017-11-07 14:43:12 INFO  loginpage:59 - User Successfully Logged In
2017-11-07 14:43:12 INFO  loginpage:64 - ============================================
2017-11-07 14:43:18 INFO  loginpage:72 - Clicked on Menu
2017-11-07 14:43:27 INFO  loginpage:77 - Clicked on logout button
2017-11-07 14:43:27 INFO  loginpage:81 - User Successfully Logged Out
2017-11-07 14:43:27 INFO  loginpage:86 - ============================================
2017-11-07 14:43:28 INFO  loginpage:89 - Browser closed
2017-11-07 14:43:28 INFO  loginpage:90 - ================TEST PASSED====================
2017-11-07 14:43:38 INFO  Log:15 - Report is getting generated, Please wait!
2017-11-07 14:43:38 INFO  Log:15 - Report has been generated!
